mpicc -DDATA_SIZE=4096*1024 -DTEST_TIME=32 src/mpi_example.c src/difftimeval.c -o bin/mpi_example
==============================
Number of processes is 2
==============================
mpiexec -n 2 bin/mpi_example
begin, my rank:1
Address of data of rank1: 0x7f447c260010, index: 0
begin, my rank:0
Address of data of rank0: 0x7fb297bfc010, index: 0
time:692.000000us, receive:hello world!, num:0
Address of data of rank0: 0x7fb297ffc020, index: 1
Address of data of rank1: 0x7f447c660020, index: 1
time:578.000000us, receive:hello world!, num:1
Address of data of rank0: 0x7fb2983fc030, index: 2
Address of data of rank1: 0x7f447ca60030, index: 2
time:496.000000us, receive:hello world!, num:2
Address of data of rank0: 0x7fb2987fc040, index: 3
Address of data of rank1: 0x7f447ce60040, index: 3
time:1265.000000us, receive:hello world!, num:3
Address of data of rank0: 0x7fb298bfc050, index: 4
Address of data of rank1: 0x7f447d260050, index: 4
time:1342.000000us, receive:hello world!, num:4
Address of data of rank0: 0x7fb298ffc060, index: 5
Address of data of rank1: 0x7f447d660060, index: 5
time:1991.000000us, receive:hello world!, num:5
Address of data of rank0: 0x7fb2993fc070, index: 6
Address of data of rank1: 0x7f447da60070, index: 6
time:1353.000000us, receive:hello world!, num:6
Address of data of rank0: 0x7fb2997fc080, index: 7
Address of data of rank1: 0x7f447de60080, index: 7
time:1485.000000us, receive:hello world!, num:7
Address of data of rank0: 0x7fb299bfc090, index: 8
Address of data of rank1: 0x7f447e260090, index: 8
time:1436.000000us, receive:hello world!, num:8
Address of data of rank0: 0x7fb299ffc0a0, index: 9
Address of data of rank1: 0x7f447e6600a0, index: 9
time:1239.000000us, receive:hello world!, num:9
Address of data of rank0: 0x7fb29a3fc0b0, index: 10
Address of data of rank1: 0x7f447ea600b0, index: 10
time:1683.000000us, receive:hello world!, num:10
Address of data of rank0: 0x7fb29a7fc0c0, index: 11
Address of data of rank1: 0x7f447ee600c0, index: 11
time:1382.000000us, receive:hello world!, num:11
Address of data of rank0: 0x7fb29abfc0d0, index: 12
Address of data of rank1: 0x7f447f2600d0, index: 12
time:1482.000000us, receive:hello world!, num:12
Address of data of rank0: 0x7fb29affc0e0, index: 13
Address of data of rank1: 0x7f447f6600e0, index: 13
time:1391.000000us, receive:hello world!, num:13
Address of data of rank0: 0x7fb29b3fc0f0, index: 14
Address of data of rank1: 0x7f447fa600f0, index: 14
time:1363.000000us, receive:hello world!, num:14
Address of data of rank0: 0x7fb29b7fc100, index: 15
Address of data of rank1: 0x7f447fe60100, index: 15
time:1382.000000us, receive:hello world!, num:15
Address of data of rank0: 0x7fb29bbfc110, index: 16
Address of data of rank1: 0x7f4480260110, index: 16
time:1436.000000us, receive:hello world!, num:16
Address of data of rank0: 0x7fb29bffc120, index: 17
Address of data of rank1: 0x7f4480660120, index: 17
time:1469.000000us, receive:hello world!, num:17
Address of data of rank0: 0x7fb29c3fc130, index: 18
Address of data of rank1: 0x7f4480a60130, index: 18
time:1428.000000us, receive:hello world!, num:18
Address of data of rank0: 0x7fb29c7fc140, index: 19
Address of data of rank1: 0x7f4480e60140, index: 19
time:1340.000000us, receive:hello world!, num:19
Address of data of rank0: 0x7fb29cbfc150, index: 20
Address of data of rank1: 0x7f4481260150, index: 20
time:1343.000000us, receive:hello world!, num:20
Address of data of rank0: 0x7fb29cffc160, index: 21
Address of data of rank1: 0x7f4481660160, index: 21
time:1323.000000us, receive:hello world!, num:21
Address of data of rank0: 0x7fb29d3fc170, index: 22
Address of data of rank1: 0x7f4481a60170, index: 22
time:1355.000000us, receive:hello world!, num:22
Address of data of rank0: 0x7fb29d7fc180, index: 23
Address of data of rank1: 0x7f4481e60180, index: 23
time:1345.000000us, receive:hello world!, num:23
Address of data of rank0: 0x7fb29dbfc190, index: 24
Address of data of rank1: 0x7f4482260190, index: 24
time:1514.000000us, receive:hello world!, num:24
Address of data of rank0: 0x7fb29dffc1a0, index: 25
Address of data of rank1: 0x7f44826601a0, index: 25
time:1477.000000us, receive:hello world!, num:25
Address of data of rank0: 0x7fb29e3fc1b0, index: 26
Address of data of rank1: 0x7f4482a601b0, index: 26
time:1442.000000us, receive:hello world!, num:26
Address of data of rank0: 0x7fb29e7fc1c0, index: 27
Address of data of rank1: 0x7f4482e601c0, index: 27
time:1421.000000us, receive:hello world!, num:27
Address of data of rank0: 0x7fb29ebfc1d0, index: 28
Address of data of rank1: 0x7f44832601d0, index: 28
time:1389.000000us, receive:hello world!, num:28
Address of data of rank0: 0x7fb29effc1e0, index: 29
Address of data of rank1: 0x7f44836601e0, index: 29
time:1432.000000us, receive:hello world!, num:29
Address of data of rank0: 0x7fb29f3fc1f0, index: 30
Address of data of rank1: 0x7f4483a601f0, index: 30
time:1411.000000us, receive:hello world!, num:30
Address of data of rank0: 0x7fb29f7fc200, index: 31
Address of data of rank1: 0x7f4483e60200, index: 31
time:1928.000000us, receive:hello world!, num:31
Address of data of rank1: 0x7f4483e60010, index: 0
=======================
Address of data of rank0: 0x7fb29f7fc010, index: 0
time:1292.000000us, receive:hello world!, num:0
Address of data of rank1: 0x5587b51057a0, index: 1
Address of data of rank0: 0x5638d66b17a0, index: 1
Address of data of rank1: 0x5587b51057a0, index: 2
time:1243.000000us, receive:hello world!, num:1
Address of data of rank0: 0x5638d66b17a0, index: 2
time:346.000000us, receive:hello world!, num:2
Address of data of rank0: 0x5638d66b17a0, index: 3
Address of data of rank1: 0x5587b51057a0, index: 3
time:339.000000us, receive:hello world!, num:3
Address of data of rank0: 0x5638d66b17a0, index: 4
Address of data of rank1: 0x5587b51057a0, index: 4
time:317.000000us, receive:hello world!, num:4
Address of data of rank0: 0x5638d66b17a0, index: 5
Address of data of rank1: 0x5587b51057a0, index: 5
time:336.000000us, receive:hello world!, num:5
Address of data of rank0: 0x5638d66b17a0, index: 6
Address of data of rank1: 0x5587b51057a0, index: 6
time:322.000000us, receive:hello world!, num:6
Address of data of rank0: 0x5638d66b17a0, index: 7
Address of data of rank1: 0x5587b51057a0, index: 7
time:332.000000us, receive:hello world!, num:7
Address of data of rank0: 0x5638d66b17a0, index: 8
Address of data of rank1: 0x5587b51057a0, index: 8
time:304.000000us, receive:hello world!, num:8
Address of data of rank0: 0x5638d66b17a0, index: 9
Address of data of rank1: 0x5587b51057a0, index: 9
time:318.000000us, receive:hello world!, num:9
Address of data of rank0: 0x5638d66b17a0, index: 10
Address of data of rank1: 0x5587b51057a0, index: 10
time:304.000000us, receive:hello world!, num:10
Address of data of rank0: 0x5638d66b17a0, index: 11
Address of data of rank1: 0x5587b51057a0, index: 11
time:397.000000us, receive:hello world!, num:11
Address of data of rank0: 0x5638d66b17a0, index: 12
Address of data of rank1: 0x5587b51057a0, index: 12
time:422.000000us, receive:hello world!, num:12
Address of data of rank0: 0x5638d66b17a0, index: 13
Address of data of rank1: 0x5587b51057a0, index: 13
time:344.000000us, receive:hello world!, num:13
Address of data of rank0: 0x5638d66b17a0, index: 14
Address of data of rank1: 0x5587b51057a0, index: 14
time:359.000000us, receive:hello world!, num:14
Address of data of rank0: 0x5638d66b17a0, index: 15
Address of data of rank1: 0x5587b51057a0, index: 15
time:375.000000us, receive:hello world!, num:15
Address of data of rank0: 0x5638d66b17a0, index: 16
Address of data of rank1: 0x5587b51057a0, index: 16
time:492.000000us, receive:hello world!, num:16
Address of data of rank0: 0x5638d66b17a0, index: 17
Address of data of rank1: 0x5587b51057a0, index: 17
time:356.000000us, receive:hello world!, num:17
Address of data of rank0: 0x5638d66b17a0, index: 18
Address of data of rank1: 0x5587b51057a0, index: 18
time:455.000000us, receive:hello world!, num:18
Address of data of rank0: 0x5638d66b17a0, index: 19
Address of data of rank1: 0x5587b51057a0, index: 19
time:381.000000us, receive:hello world!, num:19
Address of data of rank0: 0x5638d66b17a0, index: 20
Address of data of rank1: 0x5587b51057a0, index: 20
time:325.000000us, receive:hello world!, num:20
Address of data of rank0: 0x5638d66b17a0, index: 21
Address of data of rank1: 0x5587b51057a0, index: 21
time:397.000000us, receive:hello world!, num:21
Address of data of rank0: 0x5638d66b17a0, index: 22
Address of data of rank1: 0x5587b51057a0, index: 22
time:588.000000us, receive:hello world!, num:22
Address of data of rank0: 0x5638d66b17a0, index: 23
Address of data of rank1: 0x5587b51057a0, index: 23
time:493.000000us, receive:hello world!, num:23
Address of data of rank0: 0x5638d66b17a0, index: 24
Address of data of rank1: 0x5587b51057a0, index: 24
time:446.000000us, receive:hello world!, num:24
Address of data of rank0: 0x5638d66b17a0, index: 25
Address of data of rank1: 0x5587b51057a0, index: 25
time:375.000000us, receive:hello world!, num:25
Address of data of rank0: 0x5638d66b17a0, index: 26
Address of data of rank1: 0x5587b51057a0, index: 26
time:531.000000us, receive:hello world!, num:26
Address of data of rank0: 0x5638d66b17a0, index: 27
Address of data of rank1: 0x5587b51057a0, index: 27
time:310.000000us, receive:hello world!, num:27
Address of data of rank0: 0x5638d66b17a0, index: 28
Address of data of rank1: 0x5587b51057a0, index: 28
time:301.000000us, receive:hello world!, num:28
Address of data of rank0: 0x5638d66b17a0, index: 29
Address of data of rank1: 0x5587b51057a0, index: 29
time:400.000000us, receive:hello world!, num:29
Address of data of rank0: 0x5638d66b17a0, index: 30
Address of data of rank1: 0x5587b51057a0, index: 30
time:628.000000us, receive:hello world!, num:30
Address of data of rank0: 0x5638d66b17a0, index: 31
Address of data of rank1: 0x5587b51057a0, index: 31
time:333.000000us, receive:hello world!, num:31
That is all for now!
